2022-05-26 06:37:30,359 INFO autoreload Watching for file changes with StatReloader
2022-05-26 06:37:37,560 INFO basehttp "GET /news/2/ HTTP/1.1" 200 3158
2022-05-26 06:37:42,238 INFO basehttp "GET /news/search/ HTTP/1.1" 200 7636
2022-05-26 06:37:47,850 INFO basehttp "GET /news/search/?author=1&time_public= HTTP/1.1" 200 6477
2022-05-26 06:37:54,947 INFO basehttp "GET /news/search/?author=2&time_public= HTTP/1.1" 200 4753
2022-05-26 06:37:59,471 INFO basehttp "GET /news/ HTTP/1.1" 200 7613
2022-05-26 06:40:26,993 INFO autoreload C:\Users\a-mus\PycharmProjects\Mod_D7\NewsPortal_D5.6\news\news\settings.py changed, reloading.
2022-05-26 06:40:28,331 INFO autoreload Watching for file changes with StatReloader
2022-05-26 06:47:01,499 INFO autoreload C:\Users\a-mus\PycharmProjects\Mod_D7\NewsPortal_D5.6\news\news\settings.py changed, reloading.
2022-05-26 06:47:02,849 INFO autoreload Watching for file changes with StatReloader
2022-05-26 06:50:35,423 INFO autoreload C:\Users\a-mus\PycharmProjects\Mod_D7\NewsPortal_D5.6\news\news\settings.py changed, reloading.
2022-05-26 06:50:36,829 INFO autoreload Watching for file changes with StatReloader
2022-05-26 06:53:07,366 INFO autoreload C:\Users\a-mus\PycharmProjects\Mod_D7\NewsPortal_D5.6\news\news\settings.py changed, reloading.
2022-05-26 06:53:08,580 INFO autoreload Watching for file changes with StatReloader
2022-05-26 06:55:52,689 INFO autoreload C:\Users\a-mus\PycharmProjects\Mod_D7\NewsPortal_D5.6\news\news\settings.py changed, reloading.
2022-05-26 06:55:53,923 INFO autoreload Watching for file changes with StatReloader
2022-05-26 06:57:57,029 INFO autoreload C:\Users\a-mus\PycharmProjects\Mod_D7\NewsPortal_D5.6\news\news\settings.py changed, reloading.
2022-05-26 06:57:58,291 INFO autoreload Watching for file changes with StatReloader
2022-05-26 08:17:32,501 INFO autoreload Watching for file changes with StatReloader
2022-05-26 08:22:21,718 INFO autoreload C:\Users\a-mus\PycharmProjects\Mod_D7\NewsPortal_D5.6\news\news\settings.py changed, reloading.
2022-05-26 08:22:22,832 INFO autoreload Watching for file changes with StatReloader
2022-05-26 08:27:32,047 INFO autoreload C:\Users\a-mus\PycharmProjects\Mod_D7\NewsPortal_D5.6\news\news\settings.py changed, reloading.
2022-05-26 08:27:33,226 INFO autoreload Watching for file changes with StatReloader
2022-05-26 08:28:04,791 INFO autoreload C:\Users\a-mus\PycharmProjects\Mod_D7\NewsPortal_D5.6\news\news\settings.py changed, reloading.
2022-05-26 08:28:06,010 INFO autoreload Watching for file changes with StatReloader
2022-05-26 09:39:59,107 INFO autoreload C:\Users\a-mus\PycharmProjects\Mod_D7\NewsPortal_D5.6\news\news\settings.py changed, reloading.
2022-05-26 09:40:00,530 INFO autoreload Watching for file changes with StatReloader
2022-05-26 09:42:51,427 INFO autoreload C:\Users\a-mus\PycharmProjects\Mod_D7\NewsPortal_D5.6\news\news\settings.py changed, reloading.
2022-05-26 09:42:52,719 INFO autoreload Watching for file changes with StatReloader
2022-05-26 09:45:55,752 INFO autoreload C:\Users\a-mus\PycharmProjects\Mod_D7\NewsPortal_D5.6\news\news\settings.py changed, reloading.
2022-05-26 09:47:58,369 INFO autoreload Watching for file changes with StatReloader
2022-05-26 09:52:21,618 INFO autoreload C:\Users\a-mus\PycharmProjects\Mod_D7\NewsPortal_D5.6\news\news\settings.py changed, reloading.
2022-05-26 09:52:22,882 INFO autoreload Watching for file changes with StatReloader
2022-05-26 09:55:46,082 INFO autoreload C:\Users\a-mus\PycharmProjects\Mod_D7\NewsPortal_D5.6\news\news\settings.py changed, reloading.
2022-05-26 09:55:47,337 INFO autoreload Watching for file changes with StatReloader
2022-05-26 09:56:59,641 INFO autoreload C:\Users\a-mus\PycharmProjects\Mod_D7\NewsPortal_D5.6\news\news\settings.py changed, reloading.
2022-05-26 09:57:00,844 INFO autoreload Watching for file changes with StatReloader
2022-05-26 09:59:50,206 INFO autoreload C:\Users\a-mus\PycharmProjects\Mod_D7\NewsPortal_D5.6\news\news\settings.py changed, reloading.
